query_name	execution_time_ms	result_status	second_line
BI_10_1			1204379		error		N/A
BI_10_2			125230		non-empty		4555, "Franz_Liszt", 1123
BI_11_1			2362		non-empty		0
BI_11_2			1185		non-empty		0
BI_11_3			1193		non-empty		0
BI_1_1			122759		non-empty		2010, 1, 0, 1982455, 4, 1982455, 0
BI_1_2			255910		non-empty		2010, 1, 0, 1982455, 4, 1982455, 0
BI_12			1034		error		N/A
BI_13_1			1285		non-empty		Statement: "READ_ONLY"
BI_13_2			1190		non-empty		Statement: "READ_ONLY"
BI_13_3			1172		non-empty		Statement: "READ_ONLY"
BI_14_1			18239		non-empty		279
BI_14_2			6456		non-empty		279
BI_16_1			1381		non-empty		(:PERSON {birthday: 378086400000, firstName: "Jun"
BI_16_2			1220		non-empty		(:PERSON {birthday: 378086400000, firstName: "Jun"
BI_17_1			1201495		error		N/A
BI_17_2			1201960		error		N/A
BI_18_1			1196		empty		N/A
BI_18_2			25305		non-empty		19791209461672, 30786325606841, 121
BI_2			42311		non-empty		"Wolfgang_Amadeus_Mozart", 54006, 2349, 51657
BI_3_1			1639		non-empty		13194157415009, "Wall of Choummaly Bouphavanh", 12
BI_3_2			139023		non-empty		13194157415009, "Wall of Choummaly Bouphavanh", 12
BI_4_1			1202322		error		N/A
BI_4_2			1009407		non-empty		6597069773262, "Bill", "Moore", 1280658304693, 253
BI_5_1			43931		non-empty		2608, 8602, 11466, 2237, 134101
BI_5_2			15018		non-empty		2608, 8602, 11466, 2237, 134101
BI_6			1201624		error		N/A
BI_7			8436		non-empty		"Jesus", 788
BI_8_1			6882		non-empty		(:TAG {name: "Che_Guevara", id: 9, url: "http://db
BI_8_2			1465		non-empty		(:TAG {name: "Che_Guevara", id: 9, url: "http://db
BI_9			51450		non-empty		2199023372871, "Henri", "Peeters", 1359, 14795
