query_name		elapsed_time		status		result
IC_8		519		success		
IC_4		54		success		
IC_5_3_2		31		success		
IC_7_1		25		success		
IC_6_1		43		success		
IC_12		51		success		
IC_10_5_1		65		success		columns {
  name_or_id {
    id: 5
  }
  entry {
 
IC_1_1		55		success		
IC_9_2		25		success		
IC_11_3_2		36		success		
IC_3_3_1		39		success		columns {
  name_or_id {
    id: 6
  }
  entry {
 
IC_14		io.grpc.StatusException: INTERNAL: 
ErrorCode: JobSubmitBuildJobUserError
EC: 04-0203
Message: "invalid protobuf: invalid operators for an Operand"
QueryId: 18446744072654942137
TraceId: 0


IC_5_3_3		30		success		
IC_6_2		131		success		
IC_7_2		32		success		
IC_10_5_2		39		success		columns {
  name_or_id {
    id: 5
  }
  entry {
 
IC_5_3_1		39		success		
IC_13		86		success		
IC_3_3_2		29		success		columns {
  name_or_id {
    id: 6
  }
  entry {
 
IC_9_1		27		success		
IC_1_2		52		success		
IC_11_3_1		45		success		
